# JRE version: OpenJDK Runtime Environment (17.0.6) (build 17.0.6+0-b2043.56-9586694)
# Java VM: OpenJDK 64-Bit Server VM (17.0.6+0-b2043.56-9586694, mixed mode, tiered, compressed oops, compressed class ptrs, g1 gc, windows-amd64)
GC Precious Log:
 CPUs: 12 total, 12 available
 Memory: 16125M
 Large Page Support: Disabled
 NUMA Support: Disabled
 Compressed Oops: Enabled (32-bit)
 Heap Region Size: 1M
 Heap Min Capacity: 8M
 Heap Initial Capacity: 252M
 Heap Max Capacity: 1536M
 Pre-touch: Disabled
 Parallel Workers: 10
 Concurrent Workers: 3
 Concurrent Refinement Workers: 10
 Periodic GC: Disabled
Heap:
 garbage-first heap   total 348160K, used 232056K [0x00000000a0000000, 0x0000000100000000)
  region size 1024K, 51 young (52224K), 7 survivors (7168K)
 Metaspace       used 138970K, committed 139840K, reserved 1171456K
  class space    used 20044K, committed 20480K, reserved 1048576K
GC Heap History (20 events):
Event: 10.413 GC heap before
{Heap before GC invocations=42 (full 0):
 garbage-first heap   total 292864K, used 237155K [0x00000000a0000000, 0x0000000100000000)
  region size 1024K, 76 young (77824K), 13 survivors (13312K)
 Metaspace       used 134853K, committed 135744K, reserved 1171456K
  class space    used 19655K, committed 20032K, reserved 1048576K
}
Event: 10.423 GC heap after
{Heap after GC invocations=43 (full 0):
 garbage-first heap   total 292864K, used 184439K [0x00000000a0000000, 0x0000000100000000)
  region size 1024K, 10 young (10240K), 10 survivors (10240K)
 Metaspace       used 134853K, committed 135744K, reserved 1171456K
  class space    used 19655K, committed 20032K, reserved 1048576K
}
Event: 10.824 GC heap before
{Heap before GC invocations=43 (full 0):
 garbage-first heap   total 292864K, used 240759K [0x00000000a0000000, 0x0000000100000000)
  region size 1024K, 61 young (62464K), 10 survivors (10240K)
 Metaspace       used 135895K, committed 136768K, reserved 1171456K
  class space    used 19792K, committed 20160K, reserved 1048576K
}
Event: 10.827 GC heap after
{Heap after GC invocations=44 (full 0):
 garbage-first heap   total 292864K, used 176143K [0x00000000a0000000, 0x0000000100000000)
  region size 1024K, 2 young (2048K), 2 survivors (2048K)
 Metaspace       used 135895K, committed 136768K, reserved 1171456K
  class space    used 19792K, committed 20160K, reserved 1048576K
}
Event: 101.035 GC heap before
{Heap before GC invocations=44 (full 0):
 garbage-first heap   total 292864K, used 250895K [0x00000000a0000000, 0x0000000100000000)
  region size 1024K, 63 young (64512K), 2 survivors (2048K)
 Metaspace       used 137877K, committed 138816K, reserved 1171456K
  class space    used 20025K, committed 20480K, reserved 1048576K
}
Event: 101.039 GC heap after
{Heap after GC invocations=45 (full 0):
 garbage-first heap   total 292864K, used 180881K [0x00000000a0000000, 0x0000000100000000)
  region size 1024K, 6 young (6144K), 6 survivors (6144K)
 Metaspace       used 137877K, committed 138816K, reserved 1171456K
  class space    used 20025K, committed 20480K, reserved 1048576K
}
Event: 101.386 GC heap before
{Heap before GC invocations=45 (full 0):
 garbage-first heap   total 292864K, used 246417K [0x00000000a0000000, 0x0000000100000000)
  region size 1024K, 65 young (66560K), 6 survivors (6144K)
 Metaspace       used 138637K, committed 139648K, reserved 1171456K
  class space    used 20079K, committed 20544K, reserved 1048576K
}
Event: 101.394 GC heap after
{Heap after GC invocations=46 (full 0):
 garbage-first heap   total 292864K, used 199669K [0x00000000a0000000, 0x0000000100000000)
  region size 1024K, 9 young (9216K), 9 survivors (9216K)
 Metaspace       used 138637K, committed 139648K, reserved 1171456K
  class space    used 20079K, committed 20544K, reserved 1048576K
}
Event: 101.440 GC heap before
{Heap before GC invocations=46 (full 0):
 garbage-first heap   total 292864K, used 239605K [0x00000000a0000000, 0x0000000100000000)
  region size 1024K, 48 young (49152K), 9 survivors (9216K)
 Metaspace       used 138659K, committed 139648K, reserved 1171456K
  class space    used 20079K, committed 20544K, reserved 1048576K
}
Event: 101.452 GC heap after
{Heap after GC invocations=47 (full 0):
 garbage-first heap   total 292864K, used 219977K [0x00000000a0000000, 0x0000000100000000)
  region size 1024K, 6 young (6144K), 6 survivors (6144K)
 Metaspace       used 138659K, committed 139648K, reserved 1171456K
  class space    used 20079K, committed 20544K, reserved 1048576K
}
Event: 101.516 GC heap before
{Heap before GC invocations=47 (full 0):
 garbage-first heap   total 292864K, used 241481K [0x00000000a0000000, 0x0000000100000000)
  region size 1024K, 28 young (28672K), 6 survivors (6144K)
 Metaspace       used 138676K, committed 139648K, reserved 1171456K
  class space    used 20079K, committed 20544K, reserved 1048576K
}
Event: 101.522 GC heap after
{Heap after GC invocations=48 (full 0):
 garbage-first heap   total 292864K, used 225553K [0x00000000a0000000, 0x0000000100000000)
  region size 1024K, 4 young (4096K), 4 survivors (4096K)
 Metaspace       used 138676K, committed 139648K, reserved 1171456K
  class space    used 20079K, committed 20544K, reserved 1048576K
}
Event: 101.775 GC heap before
{Heap before GC invocations=49 (full 0):
 garbage-first heap   total 348160K, used 219409K [0x00000000a0000000, 0x0000000100000000)
  region size 1024K, 24 young (24576K), 4 survivors (4096K)
 Metaspace       used 137087K, committed 138560K, reserved 1171456K
  class space    used 19857K, committed 20416K, reserved 1048576K
}
Event: 101.779 GC heap after
{Heap after GC invocations=50 (full 0):
 garbage-first heap   total 348160K, used 202901K [0x00000000a0000000, 0x0000000100000000)
  region size 1024K, 3 young (3072K), 3 survivors (3072K)
 Metaspace       used 137087K, committed 138560K, reserved 1171456K
  class space    used 19857K, committed 20416K, reserved 1048576K
}
Event: 101.824 GC heap before
{Heap before GC invocations=50 (full 0):
 garbage-first heap   total 348160K, used 217237K [0x00000000a0000000, 0x0000000100000000)
  region size 1024K, 17 young (17408K), 3 survivors (3072K)
 Metaspace       used 137087K, committed 138560K, reserved 1171456K
  class space    used 19857K, committed 20416K, reserved 1048576K
}
Event: 101.830 GC heap after
{Heap after GC invocations=51 (full 0):
 garbage-first heap   total 348160K, used 175391K [0x00000000a0000000, 0x0000000100000000)
  region size 1024K, 3 young (3072K), 3 survivors (3072K)
 Metaspace       used 137087K, committed 138560K, reserved 1171456K
  class space    used 19857K, committed 20416K, reserved 1048576K
}
Event: 102.242 GC heap before
{Heap before GC invocations=51 (full 0):
 garbage-first heap   total 348160K, used 261407K [0x00000000a0000000, 0x0000000100000000)
  region size 1024K, 80 young (81920K), 3 survivors (3072K)
 Metaspace       used 137219K, committed 138560K, reserved 1171456K
  class space    used 19864K, committed 20416K, reserved 1048576K
}
Event: 102.245 GC heap after
{Heap after GC invocations=52 (full 0):
 garbage-first heap   total 348160K, used 180902K [0x00000000a0000000, 0x0000000100000000)
  region size 1024K, 7 young (7168K), 7 survivors (7168K)
 Metaspace       used 137219K, committed 138560K, reserved 1171456K
  class space    used 19864K, committed 20416K, reserved 1048576K
}
Event: 102.728 GC heap before
{Heap before GC invocations=52 (full 0):
 garbage-first heap   total 348160K, used 260774K [0x00000000a0000000, 0x0000000100000000)
  region size 1024K, 86 young (88064K), 7 survivors (7168K)
 Metaspace       used 138613K, committed 139520K, reserved 1171456K
  class space    used 20034K, committed 20480K, reserved 1048576K
}
Event: 102.735 GC heap after
{Heap after GC invocations=53 (full 0):
 garbage-first heap   total 348160K, used 188024K [0x00000000a0000000, 0x0000000100000000)
  region size 1024K, 7 young (7168K), 7 survivors (7168K)
 Metaspace       used 138613K, committed 139520K, reserved 1171456K
  class space    used 20034K, committed 20480K, reserved 1048576K
}

