# JRE version: OpenJDK Runtime Environment (17.0.6) (build 17.0.6+0-b2043.56-9586694)
# Java VM: OpenJDK 64-Bit Server VM (17.0.6+0-b2043.56-9586694, mixed mode, tiered, compressed oops, compressed class ptrs, g1 gc, windows-amd64)
GC Precious Log:
 CPUs: 12 total, 12 available
 Memory: 16125M
 Large Page Support: Disabled
 NUMA Support: Disabled
 Compressed Oops: Enabled (32-bit)
 Heap Region Size: 1M
 Heap Min Capacity: 8M
 Heap Initial Capacity: 252M
 Heap Max Capacity: 1536M
 Pre-touch: Disabled
 Parallel Workers: 10
 Concurrent Workers: 3
 Concurrent Refinement Workers: 10
 Periodic GC: Disabled
Heap:
 garbage-first heap   total 331776K, used 250247K [0x00000000a0000000, 0x0000000100000000)
  region size 1024K, 65 young (66560K), 10 survivors (10240K)
 Metaspace       used 113890K, committed 114624K, reserved 1155072K
  class space    used 15348K, committed 15680K, reserved 1048576K
GC Heap History (20 events):
Event: 9.782 GC heap before
{Heap before GC invocations=66 (full 0):
 garbage-first heap   total 290816K, used 225554K [0x00000000a0000000, 0x0000000100000000)
  region size 1024K, 55 young (56320K), 1 survivors (1024K)
 Metaspace       used 92272K, committed 92928K, reserved 1130496K
  class space    used 12684K, committed 12992K, reserved 1048576K
}
Event: 9.783 GC heap after
{Heap after GC invocations=67 (full 0):
 garbage-first heap   total 290816K, used 169825K [0x00000000a0000000, 0x0000000100000000)
  region size 1024K, 1 young (1024K), 1 survivors (1024K)
 Metaspace       used 92272K, committed 92928K, reserved 1130496K
  class space    used 12684K, committed 12992K, reserved 1048576K
}
Event: 9.940 GC heap before
{Heap before GC invocations=68 (full 0):
 garbage-first heap   total 306176K, used 236385K [0x00000000a0000000, 0x0000000100000000)
  region size 1024K, 66 young (67584K), 1 survivors (1024K)
 Metaspace       used 92277K, committed 92928K, reserved 1130496K
  class space    used 12685K, committed 12992K, reserved 1048576K
}
Event: 9.941 GC heap after
{Heap after GC invocations=69 (full 0):
 garbage-first heap   total 306176K, used 169954K [0x00000000a0000000, 0x0000000100000000)
  region size 1024K, 1 young (1024K), 1 survivors (1024K)
 Metaspace       used 92277K, committed 92928K, reserved 1130496K
  class space    used 12685K, committed 12992K, reserved 1048576K
}
Event: 9.970 GC heap before
{Heap before GC invocations=69 (full 0):
 garbage-first heap   total 306176K, used 183266K [0x00000000a0000000, 0x0000000100000000)
  region size 1024K, 14 young (14336K), 1 survivors (1024K)
 Metaspace       used 92290K, committed 92928K, reserved 1130496K
  class space    used 12685K, committed 12992K, reserved 1048576K
}
Event: 9.972 GC heap after
{Heap after GC invocations=70 (full 0):
 garbage-first heap   total 306176K, used 170108K [0x00000000a0000000, 0x0000000100000000)
  region size 1024K, 1 young (1024K), 1 survivors (1024K)
 Metaspace       used 92290K, committed 92928K, reserved 1130496K
  class space    used 12685K, committed 12992K, reserved 1048576K
}
Event: 10.450 GC heap before
{Heap before GC invocations=70 (full 0):
 garbage-first heap   total 306176K, used 255100K [0x00000000a0000000, 0x0000000100000000)
  region size 1024K, 85 young (87040K), 1 survivors (1024K)
 Metaspace       used 99219K, committed 99968K, reserved 1138688K
  class space    used 13490K, committed 13824K, reserved 1048576K
}
Event: 10.454 GC heap after
{Heap after GC invocations=71 (full 0):
 garbage-first heap   total 306176K, used 171327K [0x00000000a0000000, 0x0000000100000000)
  region size 1024K, 4 young (4096K), 4 survivors (4096K)
 Metaspace       used 99219K, committed 99968K, reserved 1138688K
  class space    used 13490K, committed 13824K, reserved 1048576K
}
Event: 11.242 GC heap before
{Heap before GC invocations=71 (full 0):
 garbage-first heap   total 306176K, used 256319K [0x00000000a0000000, 0x0000000100000000)
  region size 1024K, 88 young (90112K), 4 survivors (4096K)
 Metaspace       used 103784K, committed 104576K, reserved 1146880K
  class space    used 14072K, committed 14464K, reserved 1048576K
}
Event: 11.248 GC heap after
{Heap after GC invocations=72 (full 0):
 garbage-first heap   total 306176K, used 177668K [0x00000000a0000000, 0x0000000100000000)
  region size 1024K, 10 young (10240K), 10 survivors (10240K)
 Metaspace       used 103784K, committed 104576K, reserved 1146880K
  class space    used 14072K, committed 14464K, reserved 1048576K
}
Event: 1178.730 GC heap before
{Heap before GC invocations=72 (full 0):
 garbage-first heap   total 306176K, used 256516K [0x00000000a0000000, 0x0000000100000000)
  region size 1024K, 87 young (89088K), 10 survivors (10240K)
 Metaspace       used 107764K, committed 108608K, reserved 1146880K
  class space    used 14594K, committed 15040K, reserved 1048576K
}
Event: 1178.738 GC heap after
{Heap after GC invocations=73 (full 0):
 garbage-first heap   total 306176K, used 181540K [0x00000000a0000000, 0x0000000100000000)
  region size 1024K, 5 young (5120K), 5 survivors (5120K)
 Metaspace       used 107764K, committed 108608K, reserved 1146880K
  class space    used 14594K, committed 15040K, reserved 1048576K
}
Event: 5440.881 GC heap before
{Heap before GC invocations=74 (full 0):
 garbage-first heap   total 307200K, used 256292K [0x00000000a0000000, 0x0000000100000000)
  region size 1024K, 79 young (80896K), 5 survivors (5120K)
 Metaspace       used 107887K, committed 108800K, reserved 1146880K
  class space    used 14594K, committed 15040K, reserved 1048576K
}
Event: 5440.897 GC heap after
{Heap after GC invocations=75 (full 0):
 garbage-first heap   total 307200K, used 181097K [0x00000000a0000000, 0x0000000100000000)
  region size 1024K, 4 young (4096K), 4 survivors (4096K)
 Metaspace       used 107887K, committed 108800K, reserved 1146880K
  class space    used 14594K, committed 15040K, reserved 1048576K
}
Event: 6080.884 GC heap before
{Heap before GC invocations=75 (full 0):
 garbage-first heap   total 307200K, used 192361K [0x00000000a0000000, 0x0000000100000000)
  region size 1024K, 15 young (15360K), 4 survivors (4096K)
 Metaspace       used 107887K, committed 108800K, reserved 1146880K
  class space    used 14594K, committed 15040K, reserved 1048576K
}
Event: 6080.892 GC heap after
{Heap after GC invocations=76 (full 0):
 garbage-first heap   total 307200K, used 179697K [0x00000000a0000000, 0x0000000100000000)
  region size 1024K, 1 young (1024K), 1 survivors (1024K)
 Metaspace       used 107887K, committed 108800K, reserved 1146880K
  class space    used 14594K, committed 15040K, reserved 1048576K
}
Event: 7933.471 GC heap before
{Heap before GC invocations=76 (full 0):
 garbage-first heap   total 307200K, used 261617K [0x00000000a0000000, 0x0000000100000000)
  region size 1024K, 82 young (83968K), 1 survivors (1024K)
 Metaspace       used 109357K, committed 110272K, reserved 1146880K
  class space    used 14787K, committed 15232K, reserved 1048576K
}
Event: 7933.478 GC heap after
{Heap after GC invocations=77 (full 0):
 garbage-first heap   total 307200K, used 185243K [0x00000000a0000000, 0x0000000100000000)
  region size 1024K, 6 young (6144K), 6 survivors (6144K)
 Metaspace       used 109357K, committed 110272K, reserved 1146880K
  class space    used 14787K, committed 15232K, reserved 1048576K
}
Event: 7934.394 GC heap before
{Heap before GC invocations=77 (full 0):
 garbage-first heap   total 307200K, used 259995K [0x00000000a0000000, 0x0000000100000000)
  region size 1024K, 80 young (81920K), 6 survivors (6144K)
 Metaspace       used 111228K, committed 112128K, reserved 1146880K
  class space    used 15040K, committed 15488K, reserved 1048576K
}
Event: 7934.406 GC heap after
{Heap after GC invocations=78 (full 0):
 garbage-first heap   total 307200K, used 194951K [0x00000000a0000000, 0x0000000100000000)
  region size 1024K, 10 young (10240K), 10 survivors (10240K)
 Metaspace       used 111228K, committed 112128K, reserved 1146880K
  class space    used 15040K, committed 15488K, reserved 1048576K
}

